2025-03-02 11:59:36,722 - INFO - STDOUT: Starting Nmap 7.95 ( https://nmap.org ) at 2025-03-02 11:59 CET
2025-03-02 11:59:37,112 - INFO - STDOUT: Nmap scan report for secpro.xyz (193.23.161.35)
2025-03-02 11:59:37,114 - INFO - STDOUT: Host is up (0.080s latency).
2025-03-02 11:59:37,118 - INFO - STDOUT: 
2025-03-02 11:59:37,120 - INFO - STDOUT: PORT   STATE SERVICE
2025-03-02 11:59:37,123 - INFO - STDOUT: 80/tcp open  http
2025-03-02 11:59:37,127 - INFO - STDOUT: 
2025-03-02 11:59:37,127 - INFO - STDOUT: Nmap done: 1 IP address (1 host up) scanned in 0.42 seconds
2025-03-02 11:59:45,604 - INFO - STDOUT: ===============================================================
2025-03-02 11:59:45,607 - INFO - STDOUT: Gobuster v3.6
2025-03-02 11:59:45,609 - INFO - STDOUT: by OJ Reeves (@TheColonial) & Christian Mehlmauer (@firefart)
2025-03-02 11:59:45,612 - INFO - STDOUT: ===============================================================
2025-03-02 11:59:45,614 - INFO - STDOUT: [+] Domain:     secpro.xyz
2025-03-02 11:59:45,618 - INFO - STDOUT: [+] Threads:    10
2025-03-02 11:59:45,619 - INFO - STDOUT: [+] Timeout:    1s
2025-03-02 11:59:45,622 - INFO - STDOUT: [+] Wordlist:   subdomains.txt
2025-03-02 11:59:45,625 - INFO - STDOUT: ===============================================================
2025-03-02 11:59:45,627 - INFO - STDOUT: Starting gobuster in DNS enumeration mode
2025-03-02 11:59:45,630 - INFO - STDOUT: ===============================================================
2025-03-02 11:59:45,687 - INFO - STDOUT: 
2025-03-02 11:59:45,694 - INFO - STDOUT: [2KFound: cloud.secpro.xyz
2025-03-02 11:59:45,694 - INFO - STDOUT: 
2025-03-02 11:59:45,698 - INFO - STDOUT: [2KFound: mail.secpro.xyz
2025-03-02 11:59:45,701 - INFO - STDOUT: 
2025-03-02 11:59:45,704 - INFO - STDOUT: ===============================================================
2025-03-02 11:59:45,707 - INFO - STDOUT: Finished
2025-03-02 11:59:45,709 - INFO - STDOUT: ===============================================================
2025-03-02 11:59:45,713 - ERROR - STDERR: 
2025-03-02 11:59:45,720 - ERROR - STDERR: [2KProgress: 4 / 5 (80.00%)
